<?xml version="1.0" encoding="UTF-8"?>
<testng-results skipped="0" failed="0" total="1" passed="1">
  <reporter-output>
  </reporter-output>
  <suite name="Default suite" duration-ms="7606" started-at="2018-01-10T08:23:51Z" finished-at="2018-01-10T08:23:59Z">
    <groups>
    </groups>
    <test name="Default test" duration-ms="7606" started-at="2018-01-10T08:23:51Z" finished-at="2018-01-10T08:23:59Z">
      <class name="Basics2">
        <test-method status="PASS" signature="postdata()[pri:0, instance:Basics2@7d9d1a19]" name="postdata" duration-ms="7563" started-at="2018-01-10T13:53:51Z" finished-at="2018-01-10T13:53:59Z">
          <reporter-output>
          </reporter-output>
        </test-method> <!-- postdata -->
      </class> <!-- Basics2 -->
    </test> <!-- Default test -->
  </suite> <!-- Default suite -->
</testng-results>
